d:\workspace\mfc\3\tt\tt\debug\tt.pch
d:\workspace\mfc\3\tt\tt\debug\vc120.pdb
d:\workspace\mfc\3\tt\tt\debug\vc120.idb
d:\workspace\mfc\3\tt\tt\debug\stdafx.obj
d:\workspace\mfc\3\tt\tt\debug\mainfrm.obj
d:\workspace\mfc\3\tt\tt\debug\tt.obj
d:\workspace\mfc\3\tt\tt\debug\ttdoc.obj
d:\workspace\mfc\3\tt\tt\debug\ttview.obj
d:\workspace\mfc\3\tt\debug\tt.ilk
d:\workspace\mfc\3\tt\debug\tt.exe
d:\workspace\mfc\3\tt\debug\tt.pdb
d:\workspace\mfc\3\tt\tt\debug\tt.res
d:\workspace\mfc\3\tt\tt\debug\tt.tlog\cl.command.1.tlog
d:\workspace\mfc\3\tt\tt\debug\tt.tlog\cl.read.1.tlog
d:\workspace\mfc\3\tt\tt\debug\tt.tlog\cl.write.1.tlog
d:\workspace\mfc\3\tt\tt\debug\tt.tlog\link.command.1.tlog
d:\workspace\mfc\3\tt\tt\debug\tt.tlog\link.read.1.tlog
d:\workspace\mfc\3\tt\tt\debug\tt.tlog\link.write.1.tlog
d:\workspace\mfc\3\tt\tt\debug\tt.tlog\rc.command.1.tlog
d:\workspace\mfc\3\tt\tt\debug\tt.tlog\rc.read.1.tlog
d:\workspace\mfc\3\tt\tt\debug\tt.tlog\rc.write.1.tlog
