Build started 2015/6/30 20:31:14.
     1>Project "D:\workspace\MFC\3\tt\tt\tt.vcxproj" on node 2 (Build target(s)).
     1>ClCompile:
         F:\VS2013\VC\bin\CL.exe /c /ZI /nologo /W3 /WX- /Od /Oy- /D WIN32 /D _WINDOWS /D _DEBUG /D _UNICODE /D UNICODE /Gm /EHsc /RTC1 /MTd /GS /fp:precise /Zc:wchar_t /Zc:forScope /Yc"stdafx.h" /Fp"Debug\tt.pch" /Fo"Debug\\" /Fd"Debug\vc120.pdb" /Gd /TP /analyze- /errorReport:prompt stdafx.cpp
         stdafx.cpp
         F:\VS2013\VC\bin\CL.exe /c /ZI /nologo /W3 /WX- /Od /Oy- /D WIN32 /D _WINDOWS /D _DEBUG /D _UNICODE /D UNICODE /Gm /EHsc /RTC1 /MTd /GS /fp:precise /Zc:wchar_t /Zc:forScope /Yu"stdafx.h" /Fp"Debug\tt.pch" /Fo"Debug\\" /Fd"Debug\vc120.pdb" /Gd /TP /analyze- /errorReport:prompt MainFrm.cpp tt.cpp ttDoc.cpp ttView.cpp
         ttView.cpp
     1>d:\workspace\mfc\3\tt\tt\ttview.cpp(72): warning C4244: 'argument' : conversion from 'time_t' to 'unsigned int', possible loss of data
     1>d:\workspace\mfc\3\tt\tt\ttview.cpp(119): warning C4244: 'initializing' : conversion from 'double' to 'int', possible loss of data
     1>d:\workspace\mfc\3\tt\tt\ttview.cpp(120): warning C4244: 'initializing' : conversion from 'double' to 'int', possible loss of data
     1>d:\workspace\mfc\3\tt\tt\ttview.cpp(649): warning C4244: '=' : conversion from 'double' to 'LONG', possible loss of data
     1>d:\workspace\mfc\3\tt\tt\ttview.cpp(650): warning C4244: '=' : conversion from 'double' to 'LONG', possible loss of data
     1>d:\workspace\mfc\3\tt\tt\ttview.cpp(675): warning C4244: '=' : conversion from 'double' to 'LONG', possible loss of data
     1>d:\workspace\mfc\3\tt\tt\ttview.cpp(676): warning C4244: '=' : conversion from 'double' to 'LONG', possible loss of data
     1>d:\workspace\mfc\3\tt\tt\ttview.cpp(779): warning C4244: 'initializing' : conversion from 'double' to 'int', possible loss of data
     1>d:\workspace\mfc\3\tt\tt\ttview.cpp(784): warning C4244: 'initializing' : conversion from 'double' to 'int', possible loss of data
     1>d:\workspace\mfc\3\tt\tt\ttview.cpp(789): warning C4244: 'initializing' : conversion from 'double' to 'int', possible loss of data
     1>d:\workspace\mfc\3\tt\tt\ttview.cpp(794): warning C4244: 'initializing' : conversion from 'double' to 'int', possible loss of data
     1>d:\workspace\mfc\3\tt\tt\ttview.cpp(853): warning C4018: '<' : signed/unsigned mismatch
     1>d:\workspace\mfc\3\tt\tt\ttview.cpp(855): warning C4018: '<' : signed/unsigned mismatch
     1>d:\workspace\mfc\3\tt\tt\ttview.cpp(943): warning C4244: '*=' : conversion from 'double' to 'int', possible loss of data
     1>d:\workspace\mfc\3\tt\tt\ttview.cpp(950): warning C4244: '=' : conversion from 'double' to 'LONG', possible loss of data
     1>d:\workspace\mfc\3\tt\tt\ttview.cpp(951): warning C4244: '=' : conversion from 'double' to 'LONG', possible loss of data
     1>d:\workspace\mfc\3\tt\tt\ttview.cpp(997): warning C4244: 'initializing' : conversion from 'double' to 'int', possible loss of data
     1>d:\workspace\mfc\3\tt\tt\ttview.cpp(998): warning C4244: 'initializing' : conversion from 'double' to 'int', possible loss of data
     1>d:\workspace\mfc\3\tt\tt\ttview.cpp(1022): warning C4244: 'initializing' : conversion from 'double' to 'int', possible loss of data
     1>d:\workspace\mfc\3\tt\tt\ttview.cpp(1023): warning C4244: 'initializing' : conversion from 'double' to 'int', possible loss of data
     1>d:\workspace\mfc\3\tt\tt\ttview.cpp(1038): warning C4244: 'initializing' : conversion from 'double' to 'int', possible loss of data
     1>d:\workspace\mfc\3\tt\tt\ttview.cpp(1039): warning C4244: 'initializing' : conversion from 'double' to 'int', possible loss of data
         ttDoc.cpp
         tt.cpp
         MainFrm.cpp
         Generating Code...
       ResourceCompile:
         C:\Program Files (x86)\Windows Kits\8.1\bin\x86\rc.exe /D _DEBUG /D _UNICODE /D UNICODE /l"0x0804" /IDebug\ /nologo /fo"Debug\tt.res" tt.rc 
       Link:
         F:\VS2013\VC\bin\link.exe /ERRORREPORT:PROMPT /OUT:"D:\workspace\MFC\3\tt\Debug\tt.exe" /INCREMENTAL /NOLOGO /MANIFEST /MANIFESTUAC:"level='asInvoker' uiAccess='false'" /manifest:embed /manifestinput:F:\VS2013\VC\Include\Manifest\dpiaware.manifest /DEBUG /PDB:"D:\workspace\MFC\3\tt\Debug\tt.pdb" /SUBSYSTEM:WINDOWS /TLBID:1 /ENTRY:"wWinMainCRTStartup" /DYNAMICBASE /NXCOMPAT /IMPLIB:"D:\workspace\MFC\3\tt\Debug\tt.lib" /MACHINE:X86 Debug\tt.res
         Debug\MainFrm.obj
         Debug\stdafx.obj
         Debug\tt.obj
         Debug\ttDoc.obj
         Debug\ttView.obj
         tt.vcxproj -> D:\workspace\MFC\3\tt\Debug\tt.exe
     1>Done Building Project "D:\workspace\MFC\3\tt\tt\tt.vcxproj" (Build target(s)).

Build succeeded.

Time Elapsed 00:00:23.04
